<?xml version="1.0" encoding="UTF-8"?>
<!-- Generated by org.testng.reporters.JUnitXMLReporter -->
<testsuite hostname="LAPTOP-9VR0TBCF" ignored="0" name="login" tests="4" failures="0" timestamp="20 Oct 2020 16:04:41 GMT" time="45.839" errors="0">
  <testcase name="TC1D" time="6.612" classname="testNG.framework.TestClassUsingListerners"/>
  <testcase name="TC1ABC" time="2.635" classname="testNG.framework.TestClassUsingListerners"/>
  <testcase name="TC1ABC" time="6.799" classname="testNG.framework.TestClassUsingListerners"/>
  <testcase name="TC1ABC" time="11.827" classname="testNG.framework.TestClassUsingListerners"/>
</testsuite> <!-- login -->
