<?xml version="1.0" encoding="UTF-8"?>
<!-- Generated by org.testng.reporters.JUnitXMLReporter -->
<testsuite hostname="LAPTOP-9VR0TBCF" ignored="0" name="login" tests="4" failures="0" timestamp="21 Oct 2020 21:20:46 GMT" time="65.679" errors="0">
  <testcase name="TC1D" time="13.476" classname="testNG.framework.TestClassUsingListerners"/>
  <testcase name="TC1ABC" time="5.621" classname="testNG.framework.TestClassUsingListerners"/>
  <testcase name="TC1ABC" time="4.885" classname="testNG.framework.TestClassUsingListerners"/>
  <testcase name="TC1ABC" time="14.304" classname="testNG.framework.TestClassUsingListerners"/>
</testsuite> <!-- login -->
