<?xml version="1.0" encoding="UTF-8"?>
<testng-results skipped="0" failed="0" ignored="0" total="4" passed="4">
  <reporter-output>
  </reporter-output>
  <suite name="Suite" duration-ms="45839" started-at="2020-10-20T16:03:55Z" finished-at="2020-10-20T16:04:41Z">
    <groups>
    </groups>
    <test name="login" duration-ms="45839" started-at="2020-10-20T16:03:55Z" finished-at="2020-10-20T16:04:41Z">
      <class name="testNG.framework.TestClassUsingListerners">
        <test-method status="PASS" signature="setup()[pri:0, instance:testNG.framework.TestClassUsingListerners@3590fc5b]" name="setup" is-config="true" duration-ms="8160" started-at="2020-10-20T16:03:55Z" finished-at="2020-10-20T16:04:04Z">
          <reporter-output>
          </reporter-output>
        </test-method> <!-- setup -->
        <test-method status="PASS" signature="BeforeMethod()[pri:0, instance:testNG.framework.TestClassUsingListerners@3590fc5b]" name="BeforeMethod" is-config="true" duration-ms="4072" started-at="2020-10-20T16:04:04Z" finished-at="2020-10-20T16:04:08Z">
          <reporter-output>
          </reporter-output>
        </test-method> <!-- BeforeMethod -->
        <test-method status="PASS" signature="TC1D()[pri:1, instance:testNG.framework.TestClassUsingListerners@3590fc5b]" name="TC1D" duration-ms="6612" started-at="2020-10-20T16:04:08Z" finished-at="2020-10-20T16:04:14Z">
          <reporter-output>
          </reporter-output>
        </test-method> <!-- TC1D -->
        <test-method status="PASS" signature="BeforeMethod()[pri:0, instance:testNG.framework.TestClassUsingListerners@3590fc5b]" name="BeforeMethod" is-config="true" duration-ms="668" started-at="2020-10-20T16:04:15Z" finished-at="2020-10-20T16:04:16Z">
          <reporter-output>
          </reporter-output>
        </test-method> <!-- BeforeMethod -->
        <test-method status="PASS" signature="TC1ABC(java.lang.String, java.lang.String, java.lang.String)[pri:2, instance:testNG.framework.TestClassUsingListerners@3590fc5b]" name="TC1ABC" duration-ms="2635" started-at="2020-10-20T16:04:16Z" data-provider="loginUserData" finished-at="2020-10-20T16:04:19Z">
          <params>
            <param index="0">
              <value>
                <![CDATA[janice_wmtse@yahoo.ca]]>
              </value>
            </param>
            <param index="1">
              <value>
                <![CDATA[123456.0]]>
              </value>
            </param>
            <param index="2">
              <value>
                <![CDATA[//div[@class='x-boxed warning']//p]]>
              </value>
            </param>
          </params>
          <reporter-output>
          </reporter-output>
        </test-method> <!-- TC1ABC -->
        <test-method status="PASS" signature="BeforeMethod()[pri:0, instance:testNG.framework.TestClassUsingListerners@3590fc5b]" name="BeforeMethod" is-config="true" duration-ms="1648" started-at="2020-10-20T16:04:19Z" finished-at="2020-10-20T16:04:20Z">
          <reporter-output>
          </reporter-output>
        </test-method> <!-- BeforeMethod -->
        <test-method status="PASS" signature="TC1ABC(java.lang.String, java.lang.String, java.lang.String)[pri:2, instance:testNG.framework.TestClassUsingListerners@3590fc5b]" name="TC1ABC" duration-ms="6799" started-at="2020-10-20T16:04:20Z" data-provider="loginUserData" finished-at="2020-10-20T16:04:27Z">
          <params>
            <param index="0">
              <value>
                <![CDATA[janice_tse@abc.com]]>
              </value>
            </param>
            <param index="1">
              <value>
                <![CDATA[654321.0]]>
              </value>
            </param>
            <param index="2">
              <value>
                <![CDATA[//div[@class='x-boxed warning']//p]]>
              </value>
            </param>
          </params>
          <reporter-output>
          </reporter-output>
        </test-method> <!-- TC1ABC -->
        <test-method status="PASS" signature="BeforeMethod()[pri:0, instance:testNG.framework.TestClassUsingListerners@3590fc5b]" name="BeforeMethod" is-config="true" duration-ms="1300" started-at="2020-10-20T16:04:27Z" finished-at="2020-10-20T16:04:28Z">
          <reporter-output>
          </reporter-output>
        </test-method> <!-- BeforeMethod -->
        <test-method status="PASS" signature="TC1ABC(java.lang.String, java.lang.String, java.lang.String)[pri:2, instance:testNG.framework.TestClassUsingListerners@3590fc5b]" name="TC1ABC" duration-ms="11827" started-at="2020-10-20T16:04:28Z" data-provider="loginUserData" finished-at="2020-10-20T16:04:40Z">
          <params>
            <param index="0">
              <value>
                <![CDATA[janice_wmtse@yahoo.ca]]>
              </value>
            </param>
            <param index="1">
              <value>
                <![CDATA[Xero1234]]>
              </value>
            </param>
            <param index="2">
              <value>
                <![CDATA[//div[@class='xrh-header--main']]]>
              </value>
            </param>
          </params>
          <reporter-output>
          </reporter-output>
        </test-method> <!-- TC1ABC -->
        <test-method status="PASS" signature="afterClass()[pri:0, instance:testNG.framework.TestClassUsingListerners@3590fc5b]" name="afterClass" is-config="true" duration-ms="1142" started-at="2020-10-20T16:04:40Z" finished-at="2020-10-20T16:04:41Z">
          <reporter-output>
          </reporter-output>
        </test-method> <!-- afterClass -->
      </class> <!-- testNG.framework.TestClassUsingListerners -->
    </test> <!-- login -->
  </suite> <!-- Suite -->
</testng-results>
